2022-05-08 22:41:46,955 - 自动化测试 - INFO - 开始执行用例，开始时间为2022-05-08 22:41:46
2022-05-08 22:41:46,959 - 自动化测试 - INFO - 正在执行用户名和密码正确用例
2022-05-08 22:41:46,959 - 自动化测试 - INFO - 请求的url为http://127.0.0.1:8080/zrlog/api/admin/login，类型为<class 'str'>
2022-05-08 22:41:46,959 - 自动化测试 - INFO - method为post，类型为<class 'str'>
2022-05-08 22:41:46,959 - 自动化测试 - INFO - 请求的data为{'userName': 'root', 'password': 'e10adc3949ba59abbe56e057f20f883e', 'https': False, 'key': 1598188173501}，类型为<class 'dict'>
2022-05-08 22:41:46,959 - 自动化测试 - INFO - 请求的headers为{'Content-Type': 'application/json'}，类型为<class 'dict'>
2022-05-08 22:41:46,959 - 自动化测试 - INFO - 请求的cookies为{}，类型为<class 'dict'>
2022-05-08 22:41:47,084 - 自动化测试 - INFO - insert into `test_cookies` (`cookies_name`, `admin-token`, `times`) values('admin-token', '1#4157736A624250425263344E366566626E637639576174356F6F415939465A336573737431684D687565374C65366562625564756D58524F45685449593455476F58694455366162795968646A53414D52637A4D3952433166776B41425657346947696D664736382F56513D', '2022-05-08 22:41:47')
2022-05-08 22:41:47,084 - 自动化测试 - INFO - 用例执行成功，请求结果为{'body': {'message': None, 'error': 0}, 'admin_token': ['1#4157736A624250425263344E366566626E637639576174356F6F415939465A336573737431684D687565374C65366562625564756D58524F45685449593455476F58694455366162795968646A53414D52637A4D3952433166776B41425657346947696D664736382F56513D']}
2022-05-08 22:41:47,084 - 自动化测试 - INFO - 测试用例断言成功
2022-05-08 22:41:47,105 - 自动化测试 - INFO - 正在执行发布文章用例
2022-05-08 22:41:47,106 - 自动化测试 - INFO - 请求的url为http://127.0.0.1:8080/zrlog/api/admin/article/create，类型为<class 'str'>
2022-05-08 22:41:47,106 - 自动化测试 - INFO - method为post，类型为<class 'str'>
2022-05-08 22:41:47,106 - 自动化测试 - INFO - 请求的data为{'keywords': '', 'rubbish': True, 'title': '自动化测试1', 'markdown': '测试内容', 'content': '<p>测试内容</p>\n', 'typeId': 1}，类型为<class 'dict'>
2022-05-08 22:41:47,106 - 自动化测试 - INFO - 请求的headers为{'Content-Type': 'application/json'}，类型为<class 'dict'>
2022-05-08 22:41:47,106 - 自动化测试 - INFO - 请求的cookies为{'admin-token': '1#4157736A624250425263344E366566626E637639576174356F6F415939465A336573737431684D687565374C65366562625564756D58524F45685449593455476F58694455366162795968646A53414D52637A4D3952433166776B41425657346947696D664736382F56513D'}，类型为<class 'dict'>
2022-05-08 22:41:47,337 - 自动化测试 - INFO - insert into `test_cookies` (`cookies_name`, `admin-token`, `times`) values('admin-token', '1#4157736A624250425263344E366566626E637639575A72454379436C304D58644F785A2B414B2B644F643978517034763074774C776537377A433675686B327761675A307047724D467955796E37643963745150724E6F772B3976662B6358426A34746538544F505046773D', '2022-05-08 22:41:47')
2022-05-08 22:41:47,338 - 自动化测试 - INFO - 用例执行成功，请求结果为{'body': {'data': {'version': 0, 'digest': '<p>测试内容</p>', 'thumbnail': None, 'logId': 136, 'rubbish': True, 'alias': '136'}, 'message': None, 'error': 0}, 'admin_token': ['1#4157736A624250425263344E366566626E637639575A72454379436C304D58644F785A2B414B2B644F643978517034763074774C776537377A433675686B327761675A307047724D467955796E37643963745150724E6F772B3976662B6358426A34746538544F505046773D']}
2022-05-08 22:41:47,394 - 自动化测试 - INFO - 测试用例断言成功
2022-05-08 22:41:47,401 - 自动化测试 - INFO - select max(`logId`) from `test_create`
2022-05-08 22:41:47,404 - 自动化测试 - INFO - 正在执行修改文章用例
2022-05-08 22:41:47,405 - 自动化测试 - INFO - 请求的url为http://127.0.0.1:8080/zrlog/api/admin/article/update，类型为<class 'str'>
2022-05-08 22:41:47,405 - 自动化测试 - INFO - method为post，类型为<class 'str'>
2022-05-08 22:41:47,405 - 自动化测试 - INFO - 请求的data为{'keywords': '', 'rubbish': True, 'title': '自动化测试标题1', 'typeId': 1, 'version': 10, 'digest': '<p>测试内容</p>', 'thumbnail': '', 'markdown': '测试内容', 'content': '<p>测试</p>\n', 'logId': '136', 'alias': '136'}，类型为<class 'dict'>
2022-05-08 22:41:47,405 - 自动化测试 - INFO - 请求的headers为{'Content-Type': 'application/json'}，类型为<class 'dict'>
2022-05-08 22:41:47,405 - 自动化测试 - INFO - 请求的cookies为{'admin-token': '1#4157736A624250425263344E366566626E637639576174356F6F415939465A336573737431684D687565374C65366562625564756D58524F45685449593455476F58694455366162795968646A53414D52637A4D3952433166776B41425657346947696D664736382F56513D'}，类型为<class 'dict'>
2022-05-08 22:41:47,460 - 自动化测试 - INFO - insert into `test_cookies` (`cookies_name`, `admin-token`, `times`) values('admin-token', '1#4157736A624250425263344E366566626E63763957562B43334B4A7832586C5A79356E44535144652F496F4E6552754B4D6A6B655A796C38644E6B724F6F702B7A41353943566D2B5A3563416D674C63386656745A53426766796A4D664A3259475469684B534C317637773D', '2022-05-08 22:41:47')
2022-05-08 22:41:47,460 - 自动化测试 - INFO - 用例执行成功，请求结果为{'body': {'data': {'version': 11, 'digest': '<p>测试内容</p>', 'thumbnail': None, 'logId': 136, 'rubbish': True, 'alias': '136'}, 'message': None, 'error': 0}, 'admin_token': ['1#4157736A624250425263344E366566626E63763957562B43334B4A7832586C5A79356E44535144652F496F4E6552754B4D6A6B655A796C38644E6B724F6F702B7A41353943566D2B5A3563416D674C63386656745A53426766796A4D664A3259475469684B534C317637773D']}
2022-05-08 22:41:47,460 - 自动化测试 - INFO - 测试用例断言成功
2022-05-08 22:41:47,475 - 自动化测试 - INFO - 正在执行查询文章用例
2022-05-08 22:41:47,475 - 自动化测试 - INFO - 请求的url为http://127.0.0.1:8080/zrlog/api/admin/article，类型为<class 'str'>
2022-05-08 22:41:47,475 - 自动化测试 - INFO - method为get，类型为<class 'str'>
2022-05-08 22:41:47,475 - 自动化测试 - INFO - 请求的data为{'page': 500}，类型为<class 'dict'>
2022-05-08 22:41:47,475 - 自动化测试 - INFO - 请求的headers为{'Content-Type': 'application/json'}，类型为<class 'dict'>
2022-05-08 22:41:47,475 - 自动化测试 - INFO - 请求的cookies为{'admin-token': '1#4157736A624250425263344E366566626E637639576174356F6F415939465A336573737431684D687565374C65366562625564756D58524F45685449593455476F58694455366162795968646A53414D52637A4D3952433166776B41425657346947696D664736382F56513D'}，类型为<class 'dict'>
2022-05-08 22:41:47,551 - 自动化测试 - INFO - insert into `test_cookies` (`cookies_name`, `admin-token`, `times`) values('admin-token', '1#4157736A624250425263344E366566626E63763957573778766A73535563713530762F343945543333637150584B475239776F6171684E355A63726A6844347736774D4C456E74716E705374666E6E6772397A4C744D7A62645166322B586B3145767578776A6373644C383D', '2022-05-08 22:41:47')
2022-05-08 22:41:47,552 - 自动化测试 - INFO - 用例执行成功，请求结果为{'body': {'data': {'totalElements': 134, 'rows': [{'userName': 'root', 'typeName': '记录', 'id': 136, 'keywords': None, 'releaseTime': '2022-05-08', 'lastUpdateDate': '2022-05-08', 'title': '自动化测试标题1', 'privacy': False, 'rubbish': True, 'click': 0, 'url': '/zrlog/post/136', 'alias': '136'}, {'userName': 'root', 'typeName': '记录', 'id': 135, 'keywords': None, 'releaseTime': '2022-05-08', 'lastUpdateDate': '2022-05-08', 'title': '自动化测试标题1', 'privacy': False, 'rubbish': True, 'click': 0, 'url': '/zrlog/post/135', 'alias': '135'}, {'userName': 'root', 'typeName': '记录', 'id': 134, 'keywords': None, 'releaseTime': '2022-05-08', 'lastUpdateDate': '2022-05-08', 'title': '自动化测试标题1', 'privacy': False, 'rubbish': True, 'click': 0, 'url': '/zrlog/post/134', 'alias': '134'}, {'userName': 'root', 'typeName': '记录', 'id': 133, 'keywords': None, 'releaseTime': '2022-05-08', 'lastUpdateDate': '2022-05-08', 'title': '自动化测试1', 'privacy': False, 'rubbish': True, 'click': 0, 'url': '/zrlog/post/133', 'alias': '133'}, {'userName': 'root', 'typeName': '记录', 'id': 132, 'keywords': None, 'releaseTime': '2022-05-08', 'lastUpdateDate': '2022-05-08', 'title': '自动化测试1', 'privacy': False, 'rubbish': True, 'click': 0, 'url': '/zrlog/post/132', 'alias': '132'}, {'userName': 'root', 'typeName': '记录', 'id': 131, 'keywords': None, 'releaseTime': '2022-05-08', 'lastUpdateDate': '2022-05-08', 'title': '自动化测试1', 'privacy': False, 'rubbish': True, 'click': 0, 'url': '/zrlog/post/131', 'alias': '131'}, {'userName': 'root', 'typeName': '记录', 'id': 130, 'keywords': None, 'releaseTime': '2022-05-08', 'lastUpdateDate': '2022-05-08', 'title': '自动化测试1', 'privacy': False, 'rubbish': True, 'click': 0, 'url': '/zrlog/post/130', 'alias': '130'}, {'userName': 'root', 'typeName': '记录', 'id': 129, 'keywords': None, 'releaseTime': '2022-05-08', 'lastUpdateDate': '2022-05-08', 'title': '自动化测试1', 'privacy': False, 'rubbish': True, 'click': 0, 'url': '/zrlog/post/129', 'alias': '129'}, {'userName': 'root', 'typeName': '记录', 'id': 128, 'keywords': None, 'releaseTime': '2022-05-08', 'lastUpdateDate': '2022-05-08', 'title': '自动化测试1', 'privacy': False, 'rubbish': True, 'click': 0, 'url': '/zrlog/post/128', 'alias': '128'}, {'userName': 'root', 'typeName': '记录', 'id': 127, 'keywords': None, 'releaseTime': '2022-05-08', 'lastUpdateDate': '2022-05-08', 'title': '自动化测试1', 'privacy': False, 'rubbish': True, 'click': 0, 'url': '/zrlog/post/127', 'alias': '127'}]}, 'message': None, 'error': 0}, 'admin_token': ['1#4157736A624250425263344E366566626E63763957573778766A73535563713530762F343945543333637150584B475239776F6171684E355A63726A6844347736774D4C456E74716E705374666E6E6772397A4C744D7A62645166322B586B3145767578776A6373644C383D']}
2022-05-08 22:41:47,552 - 自动化测试 - INFO - 测试用例断言成功
2022-05-08 22:41:47,564 - 自动化测试 - INFO - 执行用例完成，结束时间为2022-05-08 22:41:46
2022-05-08 22:52:13,087 - 自动化测试 - INFO - 开始执行用例，开始时间为2022-05-08 22:52:13
2022-05-08 22:52:13,092 - 自动化测试 - INFO - 正在执行用户名和密码正确用例
2022-05-08 22:52:13,093 - 自动化测试 - INFO - 请求的url为http://127.0.0.1:8080/zrlog/api/admin/login，类型为<class 'str'>
2022-05-08 22:52:13,093 - 自动化测试 - INFO - method为post，类型为<class 'str'>
2022-05-08 22:52:13,093 - 自动化测试 - INFO - 请求的data为{'userName': 'root', 'password': 'e10adc3949ba59abbe56e057f20f883e', 'https': False, 'key': 1598188173501}，类型为<class 'dict'>
2022-05-08 22:52:13,093 - 自动化测试 - INFO - 请求的headers为{'Content-Type': 'application/json'}，类型为<class 'dict'>
2022-05-08 22:52:13,093 - 自动化测试 - INFO - 请求的cookies为{}，类型为<class 'dict'>
2022-05-08 22:52:13,174 - 自动化测试 - INFO - insert into `test_cookies` (`cookies_name`, `admin-token`, `times`) values('admin-token', '1#4157736A624250425263344E366566626E6376395759444972712B6D64396E7A536D575256536A7964444179636C79724B514761787443553570565A2F76536D48647A34796851586F765230567657734D5A6D48346650414B4439656A4A4D38507738692B4F64633671593D', '2022-05-08 22:52:13')
2022-05-08 22:52:13,174 - 自动化测试 - INFO - 用例执行成功，请求结果为{'body': {'message': None, 'error': 0}, 'admin_token': ['1#4157736A624250425263344E366566626E6376395759444972712B6D64396E7A536D575256536A7964444179636C79724B514761787443553570565A2F76536D48647A34796851586F765230567657734D5A6D48346650414B4439656A4A4D38507738692B4F64633671593D']}
2022-05-08 22:52:13,174 - 自动化测试 - INFO - 测试用例断言成功
2022-05-08 22:52:13,196 - 自动化测试 - INFO - 正在执行发布文章用例
2022-05-08 22:52:13,196 - 自动化测试 - INFO - 请求的url为http://127.0.0.1:8080/zrlog/api/admin/article/create，类型为<class 'str'>
2022-05-08 22:52:13,196 - 自动化测试 - INFO - method为post，类型为<class 'str'>
2022-05-08 22:52:13,196 - 自动化测试 - INFO - 请求的data为{'keywords': '', 'rubbish': True, 'title': '自动化测试1', 'markdown': '测试内容', 'content': '<p>测试内容</p>\n', 'typeId': 1}，类型为<class 'dict'>
2022-05-08 22:52:13,196 - 自动化测试 - INFO - 请求的headers为{'Content-Type': 'application/json'}，类型为<class 'dict'>
2022-05-08 22:52:13,196 - 自动化测试 - INFO - 请求的cookies为{'admin-token': '1#4157736A624250425263344E366566626E637639576174356F6F415939465A336573737431684D687565374C65366562625564756D58524F45685449593455476F58694455366162795968646A53414D52637A4D3952433166776B41425657346947696D664736382F56513D'}，类型为<class 'dict'>
2022-05-08 22:52:13,343 - 自动化测试 - INFO - insert into `test_cookies` (`cookies_name`, `admin-token`, `times`) values('admin-token', '1#4157736A624250425263344E366566626E6376395757396B39624D6C4967636E6E684146707141535641416E56564135466F5358687349584D316C33654976456D6D667953544136544F4254682F4D5934566C79637754664B68646D6B4C716551616C522F4632644762383D', '2022-05-08 22:52:13')
2022-05-08 22:52:13,344 - 自动化测试 - INFO - 用例执行成功，请求结果为{'body': {'data': {'version': 0, 'digest': '<p>测试内容</p>', 'thumbnail': None, 'logId': 137, 'rubbish': True, 'alias': '137'}, 'message': None, 'error': 0}, 'admin_token': ['1#4157736A624250425263344E366566626E6376395757396B39624D6C4967636E6E684146707141535641416E56564135466F5358687349584D316C33654976456D6D667953544136544F4254682F4D5934566C79637754664B68646D6B4C716551616C522F4632644762383D']}
2022-05-08 22:52:13,348 - 自动化测试 - INFO - 测试用例断言成功
2022-05-08 22:52:13,361 - 自动化测试 - INFO - select max(`logId`) from `test_create`
2022-05-08 22:52:13,364 - 自动化测试 - INFO - 正在执行修改文章用例
2022-05-08 22:52:13,364 - 自动化测试 - INFO - 请求的url为http://127.0.0.1:8080/zrlog/api/admin/article/update，类型为<class 'str'>
2022-05-08 22:52:13,364 - 自动化测试 - INFO - method为post，类型为<class 'str'>
2022-05-08 22:52:13,364 - 自动化测试 - INFO - 请求的data为{'keywords': '', 'rubbish': True, 'title': '自动化测试标题1', 'typeId': 1, 'version': 10, 'digest': '<p>测试内容</p>', 'thumbnail': '', 'markdown': '测试内容', 'content': '<p>测试</p>\n', 'logId': '137', 'alias': '137'}，类型为<class 'dict'>
2022-05-08 22:52:13,364 - 自动化测试 - INFO - 请求的headers为{'Content-Type': 'application/json'}，类型为<class 'dict'>
2022-05-08 22:52:13,364 - 自动化测试 - INFO - 请求的cookies为{'admin-token': '1#4157736A624250425263344E366566626E637639576174356F6F415939465A336573737431684D687565374C65366562625564756D58524F45685449593455476F58694455366162795968646A53414D52637A4D3952433166776B41425657346947696D664736382F56513D'}，类型为<class 'dict'>
2022-05-08 22:52:13,428 - 自动化测试 - INFO - insert into `test_cookies` (`cookies_name`, `admin-token`, `times`) values('admin-token', '1#4157736A624250425263344E366566626E637639575A425944635A31627578764C396F6A74576571524E5653696B4E397232713241535656742F2B5568776D516749497674764451694C416B756D7A6A7455634530596E6B6A36716761736A556643316130584E44554D303D', '2022-05-08 22:52:13')
2022-05-08 22:52:13,428 - 自动化测试 - INFO - 用例执行成功，请求结果为{'body': {'data': {'version': 11, 'digest': '<p>测试内容</p>', 'thumbnail': None, 'logId': 137, 'rubbish': True, 'alias': '137'}, 'message': None, 'error': 0}, 'admin_token': ['1#4157736A624250425263344E366566626E637639575A425944635A31627578764C396F6A74576571524E5653696B4E397232713241535656742F2B5568776D516749497674764451694C416B756D7A6A7455634530596E6B6A36716761736A556643316130584E44554D303D']}
2022-05-08 22:52:13,429 - 自动化测试 - INFO - 测试用例断言成功
2022-05-08 22:52:13,454 - 自动化测试 - INFO - 正在执行查询文章用例
2022-05-08 22:52:13,454 - 自动化测试 - INFO - 请求的url为http://127.0.0.1:8080/zrlog/api/admin/article，类型为<class 'str'>
2022-05-08 22:52:13,454 - 自动化测试 - INFO - method为get，类型为<class 'str'>
2022-05-08 22:52:13,454 - 自动化测试 - INFO - 请求的data为{}，类型为<class 'dict'>
2022-05-08 22:52:13,454 - 自动化测试 - INFO - 请求的headers为{'Content-Type': 'application/json'}，类型为<class 'dict'>
2022-05-08 22:52:13,454 - 自动化测试 - INFO - 请求的cookies为{'admin-token': '1#4157736A624250425263344E366566626E637639576174356F6F415939465A336573737431684D687565374C65366562625564756D58524F45685449593455476F58694455366162795968646A53414D52637A4D3952433166776B41425657346947696D664736382F56513D'}，类型为<class 'dict'>
2022-05-08 22:52:13,532 - 自动化测试 - INFO - insert into `test_cookies` (`cookies_name`, `admin-token`, `times`) values('admin-token', '1#4157736A624250425263344E366566626E6376395763645853435845326275637A796173526A6C61434D35625677696C6233314862504C6A4230327743334D5370735842436F48712B6B304E45616E677836436472303937327543373633395A465A4351325451386B68383D', '2022-05-08 22:52:13')
2022-05-08 22:52:13,532 - 自动化测试 - INFO - 用例执行成功，请求结果为{'body': {'data': {'totalElements': 135, 'rows': [{'userName': 'root', 'typeName': '记录', 'id': 137, 'keywords': None, 'releaseTime': '2022-05-08', 'lastUpdateDate': '2022-05-08', 'title': '自动化测试标题1', 'privacy': False, 'rubbish': True, 'click': 0, 'url': '/zrlog/post/137', 'alias': '137'}, {'userName': 'root', 'typeName': '记录', 'id': 136, 'keywords': None, 'releaseTime': '2022-05-08', 'lastUpdateDate': '2022-05-08', 'title': '自动化测试标题1', 'privacy': False, 'rubbish': True, 'click': 0, 'url': '/zrlog/post/136', 'alias': '136'}, {'userName': 'root', 'typeName': '记录', 'id': 135, 'keywords': None, 'releaseTime': '2022-05-08', 'lastUpdateDate': '2022-05-08', 'title': '自动化测试标题1', 'privacy': False, 'rubbish': True, 'click': 0, 'url': '/zrlog/post/135', 'alias': '135'}, {'userName': 'root', 'typeName': '记录', 'id': 134, 'keywords': None, 'releaseTime': '2022-05-08', 'lastUpdateDate': '2022-05-08', 'title': '自动化测试标题1', 'privacy': False, 'rubbish': True, 'click': 0, 'url': '/zrlog/post/134', 'alias': '134'}, {'userName': 'root', 'typeName': '记录', 'id': 133, 'keywords': None, 'releaseTime': '2022-05-08', 'lastUpdateDate': '2022-05-08', 'title': '自动化测试1', 'privacy': False, 'rubbish': True, 'click': 0, 'url': '/zrlog/post/133', 'alias': '133'}, {'userName': 'root', 'typeName': '记录', 'id': 132, 'keywords': None, 'releaseTime': '2022-05-08', 'lastUpdateDate': '2022-05-08', 'title': '自动化测试1', 'privacy': False, 'rubbish': True, 'click': 0, 'url': '/zrlog/post/132', 'alias': '132'}, {'userName': 'root', 'typeName': '记录', 'id': 131, 'keywords': None, 'releaseTime': '2022-05-08', 'lastUpdateDate': '2022-05-08', 'title': '自动化测试1', 'privacy': False, 'rubbish': True, 'click': 0, 'url': '/zrlog/post/131', 'alias': '131'}, {'userName': 'root', 'typeName': '记录', 'id': 130, 'keywords': None, 'releaseTime': '2022-05-08', 'lastUpdateDate': '2022-05-08', 'title': '自动化测试1', 'privacy': False, 'rubbish': True, 'click': 0, 'url': '/zrlog/post/130', 'alias': '130'}, {'userName': 'root', 'typeName': '记录', 'id': 129, 'keywords': None, 'releaseTime': '2022-05-08', 'lastUpdateDate': '2022-05-08', 'title': '自动化测试1', 'privacy': False, 'rubbish': True, 'click': 0, 'url': '/zrlog/post/129', 'alias': '129'}, {'userName': 'root', 'typeName': '记录', 'id': 128, 'keywords': None, 'releaseTime': '2022-05-08', 'lastUpdateDate': '2022-05-08', 'title': '自动化测试1', 'privacy': False, 'rubbish': True, 'click': 0, 'url': '/zrlog/post/128', 'alias': '128'}]}, 'message': None, 'error': 0}, 'admin_token': ['1#4157736A624250425263344E366566626E6376395763645853435845326275637A796173526A6C61434D35625677696C6233314862504C6A4230327743334D5370735842436F48712B6B304E45616E677836436472303937327543373633395A465A4351325451386B68383D']}
2022-05-08 22:52:13,532 - 自动化测试 - INFO - 测试用例断言成功
2022-05-08 22:52:13,548 - 自动化测试 - INFO - 执行用例完成，结束时间为2022-05-08 22:52:13
2022-05-08 22:59:04,680 - 自动化测试 - INFO - 开始执行用例，开始时间为2022-05-08 22:59:04
2022-05-08 22:59:04,683 - 自动化测试 - INFO - 正在执行用户名和密码正确用例
2022-05-08 22:59:04,683 - 自动化测试 - INFO - 请求的url为http://127.0.0.1:8080/zrlog/api/admin/login，类型为<class 'str'>
2022-05-08 22:59:04,683 - 自动化测试 - INFO - method为post，类型为<class 'str'>
2022-05-08 22:59:04,683 - 自动化测试 - INFO - 请求的data为{'userName': 'root', 'password': 'e10adc3949ba59abbe56e057f20f883e', 'https': False, 'key': 1598188173501}，类型为<class 'dict'>
2022-05-08 22:59:04,683 - 自动化测试 - INFO - 请求的headers为{'Content-Type': 'application/json'}，类型为<class 'dict'>
2022-05-08 22:59:04,683 - 自动化测试 - INFO - 请求的cookies为{}，类型为<class 'dict'>
2022-05-08 22:59:04,795 - 自动化测试 - INFO - insert into `test_cookies` (`cookies_name`, `admin-token`, `times`) values('admin-token', '1#4157736A624250425263344E366566626E637639575745654E3974542F6951316B75356A773430344C66655A36577A554C423967705043396950486F61765649777674464A6D5A496D49347A4C646B574C55694E735850683258734579506755624469676D43395A6D42303D', '2022-05-08 22:59:04')
2022-05-08 22:59:04,796 - 自动化测试 - INFO - 用例执行成功，请求结果为{'body': {'message': None, 'error': 0}, 'admin_token': ['1#4157736A624250425263344E366566626E637639575745654E3974542F6951316B75356A773430344C66655A36577A554C423967705043396950486F61765649777674464A6D5A496D49347A4C646B574C55694E735850683258734579506755624469676D43395A6D42303D']}
2022-05-08 22:59:04,796 - 自动化测试 - INFO - 测试用例断言成功
2022-05-08 22:59:04,824 - 自动化测试 - INFO - 正在执行发布文章用例
2022-05-08 22:59:04,824 - 自动化测试 - INFO - 请求的url为http://127.0.0.1:8080/zrlog/api/admin/article/create，类型为<class 'str'>
2022-05-08 22:59:04,824 - 自动化测试 - INFO - method为post，类型为<class 'str'>
2022-05-08 22:59:04,824 - 自动化测试 - INFO - 请求的data为{'keywords': '', 'rubbish': True, 'title': '自动化测试1', 'markdown': '测试内容', 'content': '<p>测试内容</p>\n', 'typeId': 1}，类型为<class 'dict'>
2022-05-08 22:59:04,824 - 自动化测试 - INFO - 请求的headers为{'Content-Type': 'application/json'}，类型为<class 'dict'>
2022-05-08 22:59:04,824 - 自动化测试 - INFO - 请求的cookies为{'admin-token': '1#4157736A624250425263344E366566626E637639576174356F6F415939465A336573737431684D687565374C65366562625564756D58524F45685449593455476F58694455366162795968646A53414D52637A4D3952433166776B41425657346947696D664736382F56513D'}，类型为<class 'dict'>
2022-05-08 22:59:05,042 - 自动化测试 - INFO - insert into `test_cookies` (`cookies_name`, `admin-token`, `times`) values('admin-token', '1#4157736A624250425263344E366566626E6376395757364B55486A38514C41397159616169647A7A48796977325A7A4753692F684E59326B37514D516C6930427038444C62374A366D4B6A516E6E3079477474646550644841764632654F4C6E2F424B724E6B686B6967513D', '2022-05-08 22:59:05')
2022-05-08 22:59:05,042 - 自动化测试 - INFO - 用例执行成功，请求结果为{'body': {'data': {'version': 0, 'digest': '<p>测试内容</p>', 'thumbnail': None, 'logId': 138, 'rubbish': True, 'alias': '138'}, 'message': None, 'error': 0}, 'admin_token': ['1#4157736A624250425263344E366566626E6376395757364B55486A38514C41397159616169647A7A48796977325A7A4753692F684E59326B37514D516C6930427038444C62374A366D4B6A516E6E3079477474646550644841764632654F4C6E2F424B724E6B686B6967513D']}
2022-05-08 22:59:05,048 - 自动化测试 - INFO - 测试用例断言成功
2022-05-08 22:59:05,060 - 自动化测试 - INFO - select max(`logId`) from `test_create`
2022-05-08 22:59:05,065 - 自动化测试 - INFO - 正在执行修改文章用例
2022-05-08 22:59:05,065 - 自动化测试 - INFO - 请求的url为http://127.0.0.1:8080/zrlog/api/admin/article/update，类型为<class 'str'>
2022-05-08 22:59:05,065 - 自动化测试 - INFO - method为post，类型为<class 'str'>
2022-05-08 22:59:05,065 - 自动化测试 - INFO - 请求的data为{'keywords': '', 'rubbish': True, 'title': '自动化测试标题1', 'typeId': 1, 'version': 10, 'digest': '<p>测试内容</p>', 'thumbnail': '', 'markdown': '测试内容', 'content': '<p>测试</p>\n', 'logId': '138', 'alias': '138'}，类型为<class 'dict'>
2022-05-08 22:59:05,065 - 自动化测试 - INFO - 请求的headers为{'Content-Type': 'application/json'}，类型为<class 'dict'>
2022-05-08 22:59:05,065 - 自动化测试 - INFO - 请求的cookies为{'admin-token': '1#4157736A624250425263344E366566626E637639576174356F6F415939465A336573737431684D687565374C65366562625564756D58524F45685449593455476F58694455366162795968646A53414D52637A4D3952433166776B41425657346947696D664736382F56513D'}，类型为<class 'dict'>
2022-05-08 22:59:05,132 - 自动化测试 - INFO - insert into `test_cookies` (`cookies_name`, `admin-token`, `times`) values('admin-token', '1#4157736A624250425263344E366566626E637639575636436A686458693950495A436A7A47454D4A7270763036793335496E51444A4E37634355364B6776524B565A7552384D34436A337639727035584C5755444978712F57534D6A2F6861707261724F684C47767753773D', '2022-05-08 22:59:05')
2022-05-08 22:59:05,132 - 自动化测试 - INFO - 用例执行成功，请求结果为{'body': {'data': {'version': 11, 'digest': '<p>测试内容</p>', 'thumbnail': None, 'logId': 138, 'rubbish': True, 'alias': '138'}, 'message': None, 'error': 0}, 'admin_token': ['1#4157736A624250425263344E366566626E637639575636436A686458693950495A436A7A47454D4A7270763036793335496E51444A4E37634355364B6776524B565A7552384D34436A337639727035584C5755444978712F57534D6A2F6861707261724F684C47767753773D']}
2022-05-08 22:59:05,132 - 自动化测试 - INFO - 测试用例断言成功
2022-05-08 22:59:05,199 - 自动化测试 - INFO - 正在执行查询文章用例
2022-05-08 22:59:05,199 - 自动化测试 - INFO - 请求的url为http://127.0.0.1:8080/zrlog/api/admin/article，类型为<class 'str'>
2022-05-08 22:59:05,199 - 自动化测试 - INFO - method为get，类型为<class 'str'>
2022-05-08 22:59:05,199 - 自动化测试 - INFO - 请求的data为{}，类型为<class 'dict'>
2022-05-08 22:59:05,199 - 自动化测试 - INFO - 请求的headers为{'Content-Type': 'application/json'}，类型为<class 'dict'>
2022-05-08 22:59:05,199 - 自动化测试 - INFO - 请求的cookies为{'admin-token': '1#4157736A624250425263344E366566626E637639576174356F6F415939465A336573737431684D687565374C65366562625564756D58524F45685449593455476F58694455366162795968646A53414D52637A4D3952433166776B41425657346947696D664736382F56513D'}，类型为<class 'dict'>
2022-05-08 22:59:05,300 - 自动化测试 - INFO - insert into `test_cookies` (`cookies_name`, `admin-token`, `times`) values('admin-token', '1#4157736A624250425263344E366566626E63763957657549554E4F344A7157346E6F4F4B66454C426A7479714D31375044714777744D6D4366344E65593964485834565464774F7452616A427A6E3143513556446A7337506D77536A6F69414C703463355537756C4138773D', '2022-05-08 22:59:05')
2022-05-08 22:59:05,300 - 自动化测试 - INFO - 用例执行成功，请求结果为{'body': {'data': {'totalElements': 136, 'rows': [{'userName': 'root', 'typeName': '记录', 'id': 138, 'keywords': None, 'releaseTime': '2022-05-08', 'lastUpdateDate': '2022-05-08', 'title': '自动化测试标题1', 'privacy': False, 'rubbish': True, 'click': 0, 'url': '/zrlog/post/138', 'alias': '138'}, {'userName': 'root', 'typeName': '记录', 'id': 137, 'keywords': None, 'releaseTime': '2022-05-08', 'lastUpdateDate': '2022-05-08', 'title': '自动化测试标题1', 'privacy': False, 'rubbish': True, 'click': 0, 'url': '/zrlog/post/137', 'alias': '137'}, {'userName': 'root', 'typeName': '记录', 'id': 136, 'keywords': None, 'releaseTime': '2022-05-08', 'lastUpdateDate': '2022-05-08', 'title': '自动化测试标题1', 'privacy': False, 'rubbish': True, 'click': 0, 'url': '/zrlog/post/136', 'alias': '136'}, {'userName': 'root', 'typeName': '记录', 'id': 135, 'keywords': None, 'releaseTime': '2022-05-08', 'lastUpdateDate': '2022-05-08', 'title': '自动化测试标题1', 'privacy': False, 'rubbish': True, 'click': 0, 'url': '/zrlog/post/135', 'alias': '135'}, {'userName': 'root', 'typeName': '记录', 'id': 134, 'keywords': None, 'releaseTime': '2022-05-08', 'lastUpdateDate': '2022-05-08', 'title': '自动化测试标题1', 'privacy': False, 'rubbish': True, 'click': 0, 'url': '/zrlog/post/134', 'alias': '134'}, {'userName': 'root', 'typeName': '记录', 'id': 133, 'keywords': None, 'releaseTime': '2022-05-08', 'lastUpdateDate': '2022-05-08', 'title': '自动化测试1', 'privacy': False, 'rubbish': True, 'click': 0, 'url': '/zrlog/post/133', 'alias': '133'}, {'userName': 'root', 'typeName': '记录', 'id': 132, 'keywords': None, 'releaseTime': '2022-05-08', 'lastUpdateDate': '2022-05-08', 'title': '自动化测试1', 'privacy': False, 'rubbish': True, 'click': 0, 'url': '/zrlog/post/132', 'alias': '132'}, {'userName': 'root', 'typeName': '记录', 'id': 131, 'keywords': None, 'releaseTime': '2022-05-08', 'lastUpdateDate': '2022-05-08', 'title': '自动化测试1', 'privacy': False, 'rubbish': True, 'click': 0, 'url': '/zrlog/post/131', 'alias': '131'}, {'userName': 'root', 'typeName': '记录', 'id': 130, 'keywords': None, 'releaseTime': '2022-05-08', 'lastUpdateDate': '2022-05-08', 'title': '自动化测试1', 'privacy': False, 'rubbish': True, 'click': 0, 'url': '/zrlog/post/130', 'alias': '130'}, {'userName': 'root', 'typeName': '记录', 'id': 129, 'keywords': None, 'releaseTime': '2022-05-08', 'lastUpdateDate': '2022-05-08', 'title': '自动化测试1', 'privacy': False, 'rubbish': True, 'click': 0, 'url': '/zrlog/post/129', 'alias': '129'}]}, 'message': None, 'error': 0}, 'admin_token': ['1#4157736A624250425263344E366566626E63763957657549554E4F344A7157346E6F4F4B66454C426A7479714D31375044714777744D6D4366344E65593964485834565464774F7452616A427A6E3143513556446A7337506D77536A6F69414C703463355537756C4138773D']}
2022-05-08 22:59:05,300 - 自动化测试 - INFO - 测试用例断言成功
2022-05-08 22:59:05,311 - 自动化测试 - INFO - 执行用例完成，结束时间为2022-05-08 22:59:04
2022-05-08 23:02:33,618 - 自动化测试 - INFO - 开始执行用例，开始时间为2022-05-08 23:02:33
2022-05-08 23:02:33,622 - 自动化测试 - INFO - 正在执行用户名和密码正确用例
2022-05-08 23:02:33,622 - 自动化测试 - INFO - 请求的url为http://127.0.0.1:8080/zrlog/api/admin/login，类型为<class 'str'>
2022-05-08 23:02:33,622 - 自动化测试 - INFO - method为post，类型为<class 'str'>
2022-05-08 23:02:33,622 - 自动化测试 - INFO - 请求的data为{'userName': 'root', 'password': 'e10adc3949ba59abbe56e057f20f883e', 'https': False, 'key': 1598188173501}，类型为<class 'dict'>
2022-05-08 23:02:33,622 - 自动化测试 - INFO - 请求的headers为{'Content-Type': 'application/json'}，类型为<class 'dict'>
2022-05-08 23:02:33,622 - 自动化测试 - INFO - 请求的cookies为{}，类型为<class 'dict'>
2022-05-08 23:02:33,709 - 自动化测试 - INFO - insert into `test_cookies` (`cookies_name`, `admin-token`, `times`) values('admin-token', '1#4157736A624250425263344E366566626E637639576671546F4B385758762B5674665179662F50327566732B42774576554C5254504243596248714E512B6B4F71535652705244754C6D5168345A31706C5348356A7A3656562F63716831574463722B504F676E4C6E51493D', '2022-05-08 23:02:33')
2022-05-08 23:02:33,710 - 自动化测试 - INFO - 用例执行成功，请求结果为{'body': {'message': None, 'error': 0}, 'admin_token': ['1#4157736A624250425263344E366566626E637639576671546F4B385758762B5674665179662F50327566732B42774576554C5254504243596248714E512B6B4F71535652705244754C6D5168345A31706C5348356A7A3656562F63716831574463722B504F676E4C6E51493D']}
2022-05-08 23:02:33,710 - 自动化测试 - INFO - 测试用例断言成功
2022-05-08 23:02:33,742 - 自动化测试 - INFO - 正在执行发布文章用例
2022-05-08 23:02:33,743 - 自动化测试 - INFO - 请求的url为http://127.0.0.1:8080/zrlog/api/admin/article/create，类型为<class 'str'>
2022-05-08 23:02:33,743 - 自动化测试 - INFO - method为post，类型为<class 'str'>
2022-05-08 23:02:33,743 - 自动化测试 - INFO - 请求的data为{'keywords': '', 'rubbish': True, 'title': '自动化测试1', 'markdown': '测试内容', 'content': '<p>测试内容</p>\n', 'typeId': 1}，类型为<class 'dict'>
2022-05-08 23:02:33,743 - 自动化测试 - INFO - 请求的headers为{'Content-Type': 'application/json'}，类型为<class 'dict'>
2022-05-08 23:02:33,743 - 自动化测试 - INFO - 请求的cookies为{'admin-token': '1#4157736A624250425263344E366566626E637639576174356F6F415939465A336573737431684D687565374C65366562625564756D58524F45685449593455476F58694455366162795968646A53414D52637A4D3952433166776B41425657346947696D664736382F56513D'}，类型为<class 'dict'>
2022-05-08 23:02:33,963 - 自动化测试 - INFO - insert into `test_cookies` (`cookies_name`, `admin-token`, `times`) values('admin-token', '1#4157736A624250425263344E366566626E63763957564650754E794D316E3579734D654F66546D454C753477506B704366334C36484D506F7644496372713568746442686363704E625A717A5662794F49456438487246596D4B314976424B43434C516F2B524D486678733D', '2022-05-08 23:02:33')
2022-05-08 23:02:33,963 - 自动化测试 - INFO - 用例执行成功，请求结果为{'body': {'data': {'version': 0, 'digest': '<p>测试内容</p>', 'thumbnail': None, 'logId': 139, 'rubbish': True, 'alias': '139'}, 'message': None, 'error': 0}, 'admin_token': ['1#4157736A624250425263344E366566626E63763957564650754E794D316E3579734D654F66546D454C753477506B704366334C36484D506F7644496372713568746442686363704E625A717A5662794F49456438487246596D4B314976424B43434C516F2B524D486678733D']}
2022-05-08 23:02:33,969 - 自动化测试 - INFO - 测试用例断言成功
2022-05-08 23:02:34,011 - 自动化测试 - INFO - select max(`logId`) from `test_create`
2022-05-08 23:02:34,020 - 自动化测试 - INFO - 正在执行修改文章用例
2022-05-08 23:02:34,020 - 自动化测试 - INFO - 请求的url为http://127.0.0.1:8080/zrlog/api/admin/article/update，类型为<class 'str'>
2022-05-08 23:02:34,020 - 自动化测试 - INFO - method为post，类型为<class 'str'>
2022-05-08 23:02:34,020 - 自动化测试 - INFO - 请求的data为{'keywords': '', 'rubbish': True, 'title': '自动化测试标题1', 'typeId': 1, 'version': 10, 'digest': '<p>测试内容</p>', 'thumbnail': '', 'markdown': '测试内容', 'content': '<p>测试</p>\n', 'logId': '139', 'alias': '139'}，类型为<class 'dict'>
2022-05-08 23:02:34,020 - 自动化测试 - INFO - 请求的headers为{'Content-Type': 'application/json'}，类型为<class 'dict'>
2022-05-08 23:02:34,020 - 自动化测试 - INFO - 请求的cookies为{'admin-token': '1#4157736A624250425263344E366566626E637639576174356F6F415939465A336573737431684D687565374C65366562625564756D58524F45685449593455476F58694455366162795968646A53414D52637A4D3952433166776B41425657346947696D664736382F56513D'}，类型为<class 'dict'>
2022-05-08 23:02:34,071 - 自动化测试 - INFO - insert into `test_cookies` (`cookies_name`, `admin-token`, `times`) values('admin-token', '1#4157736A624250425263344E366566626E637639575A6142775A722F54734241556F7863314A75413045325A627734356E4E737A7461444E466C42784C6F576F6C6344424D5373463248536A6678792F2F4634746A4E3654456B69626B56764F346F4D415A6B636D6F6F4D3D', '2022-05-08 23:02:34')
2022-05-08 23:02:34,071 - 自动化测试 - INFO - 用例执行成功，请求结果为{'body': {'data': {'version': 11, 'digest': '<p>测试内容</p>', 'thumbnail': None, 'logId': 139, 'rubbish': True, 'alias': '139'}, 'message': None, 'error': 0}, 'admin_token': ['1#4157736A624250425263344E366566626E637639575A6142775A722F54734241556F7863314A75413045325A627734356E4E737A7461444E466C42784C6F576F6C6344424D5373463248536A6678792F2F4634746A4E3654456B69626B56764F346F4D415A6B636D6F6F4D3D']}
2022-05-08 23:02:34,071 - 自动化测试 - INFO - 测试用例断言成功
2022-05-08 23:02:34,091 - 自动化测试 - INFO - select max(`logId`) from `test_create`
2022-05-08 23:02:34,095 - 自动化测试 - INFO - 正在执行查询文章用例
2022-05-08 23:02:34,095 - 自动化测试 - INFO - 请求的url为http://127.0.0.1:8080/zrlog/api/admin/article，类型为<class 'str'>
2022-05-08 23:02:34,095 - 自动化测试 - INFO - method为get，类型为<class 'str'>
2022-05-08 23:02:34,095 - 自动化测试 - INFO - 请求的data为{'size': '139'}，类型为<class 'dict'>
2022-05-08 23:02:34,096 - 自动化测试 - INFO - 请求的headers为{'Content-Type': 'application/json'}，类型为<class 'dict'>
2022-05-08 23:02:34,096 - 自动化测试 - INFO - 请求的cookies为{'admin-token': '1#4157736A624250425263344E366566626E637639576174356F6F415939465A336573737431684D687565374C65366562625564756D58524F45685449593455476F58694455366162795968646A53414D52637A4D3952433166776B41425657346947696D664736382F56513D'}，类型为<class 'dict'>
2022-05-08 23:02:34,312 - 自动化测试 - INFO - insert into `test_cookies` (`cookies_name`, `admin-token`, `times`) values('admin-token', '1#4157736A624250425263344E366566626E63763957636749786E2F63635550442F4E69624E4E3048614B4E79364355697664782B4C417570656846746169494E6B744775664354483632757A42446D624E6975437336576A59677046314D41526C78453965724D3761796F3D', '2022-05-08 23:02:34')
2022-05-08 23:02:34,312 - 自动化测试 - INFO - 用例执行成功，请求结果为{'body': {'data': {'totalElements': 137, 'rows': [{'userName': 'root', 'typeName': '记录', 'id': 139, 'keywords': None, 'releaseTime': '2022-05-08', 'lastUpdateDate': '2022-05-08', 'title': '自动化测试标题1', 'privacy': False, 'rubbish': True, 'click': 0, 'url': '/zrlog/post/139', 'alias': '139'}, {'userName': 'root', 'typeName': '记录', 'id': 138, 'keywords': None, 'releaseTime': '2022-05-08', 'lastUpdateDate': '2022-05-08', 'title': '自动化测试标题1', 'privacy': False, 'rubbish': True, 'click': 0, 'url': '/zrlog/post/138', 'alias': '138'}, {'userName': 'root', 'typeName': '记录', 'id': 137, 'keywords': None, 'releaseTime': '2022-05-08', 'lastUpdateDate': '2022-05-08', 'title': '自动化测试标题1', 'privacy': False, 'rubbish': True, 'click': 0, 'url': '/zrlog/post/137', 'alias': '137'}, {'userName': 'root', 'typeName': '记录', 'id': 136, 'keywords': None, 'releaseTime': '2022-05-08', 'lastUpdateDate': '2022-05-08', 'title': '自动化测试标题1', 'privacy': False, 'rubbish': True, 'click': 0, 'url': '/zrlog/post/136', 'alias': '136'}, {'userName': 'root', 'typeName': '记录', 'id': 135, 'keywords': None, 'releaseTime': '2022-05-08', 'lastUpdateDate': '2022-05-08', 'title': '自动化测试标题1', 'privacy': False, 'rubbish': True, 'click': 0, 'url': '/zrlog/post/135', 'alias': '135'}, {'userName': 'root', 'typeName': '记录', 'id': 134, 'keywords': None, 'releaseTime': '2022-05-08', 'lastUpdateDate': '2022-05-08', 'title': '自动化测试标题1', 'privacy': False, 'rubbish': True, 'click': 0, 'url': '/zrlog/post/134', 'alias': '134'}, {'userName': 'root', 'typeName': '记录', 'id': 133, 'keywords': None, 'releaseTime': '2022-05-08', 'lastUpdateDate': '2022-05-08', 'title': '自动化测试1', 'privacy': False, 'rubbish': True, 'click': 0, 'url': '/zrlog/post/133', 'alias': '133'}, {'userName': 'root', 'typeName': '记录', 'id': 132, 'keywords': None, 'releaseTime': '2022-05-08', 'lastUpdateDate': '2022-05-08', 'title': '自动化测试1', 'privacy': False, 'rubbish': True, 'click': 0, 'url': '/zrlog/post/132', 'alias': '132'}, {'userName': 'root', 'typeName': '记录', 'id': 131, 'keywords': None, 'releaseTime': '2022-05-08', 'lastUpdateDate': '2022-05-08', 'title': '自动化测试1', 'privacy': False, 'rubbish': True, 'click': 0, 'url': '/zrlog/post/131', 'alias': '131'}, {'userName': 'root', 'typeName': '记录', 'id': 130, 'keywords': None, 'releaseTime': '2022-05-08', 'lastUpdateDate': '2022-05-08', 'title': '自动化测试1', 'privacy': False, 'rubbish': True, 'click': 0, 'url': '/zrlog/post/130', 'alias': '130'}, {'userName': 'root', 'typeName': '记录', 'id': 129, 'keywords': None, 'releaseTime': '2022-05-08', 'lastUpdateDate': '2022-05-08', 'title': '自动化测试1', 'privacy': False, 'rubbish': True, 'click': 0, 'url': '/zrlog/post/129', 'alias': '129'}, {'userName': 'root', 'typeName': '记录', 'id': 128, 'keywords': None, 'releaseTime': '2022-05-08', 'lastUpdateDate': '2022-05-08', 'title': '自动化测试1', 'privacy': False, 'rubbish': True, 'click': 0, 'url': '/zrlog/post/128', 'alias': '128'}, {'userName': 'root', 'typeName': '记录', 'id': 127, 'keywords': None, 'releaseTime': '2022-05-08', 'lastUpdateDate': '2022-05-08', 'title': '自动化测试1', 'privacy': False, 'rubbish': True, 'click': 0, 'url': '/zrlog/post/127', 'alias': '127'}, {'userName': 'root', 'typeName': '记录', 'id': 126, 'keywords': None, 'releaseTime': '2022-05-08', 'lastUpdateDate': '2022-05-08', 'title': '自动化测试1', 'privacy': False, 'rubbish': True, 'click': 0, 'url': '/zrlog/post/126', 'alias': '126'}, {'userName': 'root', 'typeName': '记录', 'id': 125, 'keywords': None, 'releaseTime': '2022-05-08', 'lastUpdateDate': '2022-05-08', 'title': '自动化测试1', 'privacy': False, 'rubbish': True, 'click': 0, 'url': '/zrlog/post/125', 'alias': '125'}, {'userName': 'root', 'typeName': '记录', 'id': 124, 'keywords': None, 'releaseTime': '2022-05-08', 'lastUpdateDate': '2022-05-08', 'title': '自动化测试1', 'privacy': False, 'rubbish': True, 'click': 0, 'url': '/zrlog/post/124', 'alias': '124'}, {'userName': 'root', 'typeName': '记录', 'id': 123, 'keywords': None, 'releaseTime': '2022-05-08', 'lastUpdateDate': '2022-05-08', 'title': '自动化测试1', 'privacy': False, 'rubbish': True, 'click': 0, 'url': '/zrlog/post/123', 'alias': '123'}, {'userName': 'root', 'typeName': '记录', 'id': 122, 'keywords': None, 'releaseTime': '2022-05-08', 'lastUpdateDate': '2022-05-08', 'title': '自动化测试1', 'privacy': False, 'rubbish': True, 'click': 0, 'url': '/zrlog/post/122', 'alias': '122'}, {'userName': 'root', 'typeName': '记录', 'id': 121, 'keywords': None, 'releaseTime': '2022-05-08', 'lastUpdateDate': '2022-05-08', 'title': '自动化测试1', 'privacy': False, 'rubbish': True, 'click': 0, 'url': '/zrlog/post/121', 'alias': '121'}, {'userName': 'root', 'typeName': '记录', 'id': 120, 'keywords': None, 'releaseTime': '2022-05-08', 'lastUpdateDate': '2022-05-08', 'title': '自动化测试1', 'privacy': False, 'rubbish': True, 'click': 0, 'url': '/zrlog/post/120', 'alias': '120'}, {'userName': 'root', 'typeName': '记录', 'id': 119, 'keywords': None, 'releaseTime': '2022-05-08', 'lastUpdateDate': '2022-05-08', 'title': '自动化测试1', 'privacy': False, 'rubbish': True, 'click': 0, 'url': '/zrlog/post/119', 'alias': '119'}, {'userName': 'root', 'typeName': '记录', 'id': 118, 'keywords': None, 'releaseTime': '2022-05-08', 'lastUpdateDate': '2022-05-08', 'title': '自动化测试1', 'privacy': False, 'rubbish': True, 'click': 0, 'url': '/zrlog/post/118', 'alias': '118'}, {'userName': 'root', 'typeName': '记录', 'id': 117, 'keywords': None, 'releaseTime': '2022-05-08', 'lastUpdateDate': '2022-05-08', 'title': '自动化测试1', 'privacy': False, 'rubbish': True, 'click': 0, 'url': '/zrlog/post/117', 'alias': '117'}, {'userName': 'root', 'typeName': '记录', 'id': 116, 'keywords': None, 'releaseTime': '2022-05-08', 'lastUpdateDate': '2022-05-08', 'title': '自动化测试1', 'privacy': False, 'rubbish': True, 'click': 0, 'url': '/zrlog/post/116', 'alias': '116'}, {'userName': 'root', 'typeName': '记录', 'id': 115, 'keywords': None, 'releaseTime': '2022-05-08', 'lastUpdateDate': '2022-05-08', 'title': '自动化测试1', 'privacy': False, 'rubbish': False, 'click': 0, 'url': '/zrlog/post/115', 'alias': '115'}, {'userName': 'root', 'typeName': '记录', 'id': 114, 'keywords': None, 'releaseTime': '2022-05-08', 'lastUpdateDate': '2022-05-08', 'title': '自动化测试1', 'privacy': False, 'rubbish': False, 'click': 0, 'url': '/zrlog/post/114', 'alias': '114'}, {'userName': 'root', 'typeName': '记录', 'id': 113, 'keywords': None, 'releaseTime': '2022-05-08', 'lastUpdateDate': '2022-05-08', 'title': '自动化测试1', 'privacy': False, 'rubbish': True, 'click': 0, 'url': '/zrlog/post/113', 'alias': '113'}, {'userName': 'root', 'typeName': '记录', 'id': 112, 'keywords': None, 'releaseTime': '2022-05-08', 'lastUpdateDate': '2022-05-08', 'title': '测试1', 'privacy': False, 'rubbish': False, 'click': 0, 'url': '/zrlog/post/112', 'alias': '112'}, {'userName': 'root', 'typeName': '记录', 'id': 111, 'keywords': None, 'releaseTime': '2022-05-08', 'lastUpdateDate': '2022-05-08', 'title': '自动化测试1', 'privacy': False, 'rubbish': True, 'click': 0, 'url': '/zrlog/post/111', 'alias': '111'}, {'userName': 'root', 'typeName': '记录', 'id': 110, 'keywords': None, 'releaseTime': '2022-05-08', 'lastUpdateDate': '2022-05-08', 'title': '自动化测试1', 'privacy': False, 'rubbish': True, 'click': 0, 'url': '/zrlog/post/110', 'alias': '110'}, {'userName': 'root', 'typeName': '记录', 'id': 109, 'keywords': None, 'releaseTime': '2022-05-08', 'lastUpdateDate': '2022-05-08', 'title': '自动化测试1', 'privacy': False, 'rubbish': True, 'click': 0, 'url': '/zrlog/post/109', 'alias': '109'}, {'userName': 'root', 'typeName': '记录', 'id': 108, 'keywords': None, 'releaseTime': '2022-05-08', 'lastUpdateDate': '2022-05-08', 'title': '自动化测试1', 'privacy': False, 'rubbish': True, 'click': 0, 'url': '/zrlog/post/108', 'alias': '108'}, {'userName': 'root', 'typeName': '记录', 'id': 107, 'keywords': None, 'releaseTime': '2022-05-08', 'lastUpdateDate': '2022-05-08', 'title': '自动化测试1', 'privacy': False, 'rubbish': True, 'click': 0, 'url': '/zrlog/post/107', 'alias': '107'}, {'userName': 'root', 'typeName': '记录', 'id': 106, 'keywords': None, 'releaseTime': '2022-05-08', 'lastUpdateDate': '2022-05-08', 'title': '自动化测试1', 'privacy': False, 'rubbish': True, 'click': 0, 'url': '/zrlog/post/106', 'alias': '106'}, {'userName': 'root', 'typeName': '记录', 'id': 105, 'keywords': None, 'releaseTime': '2022-05-08', 'lastUpdateDate': '2022-05-08', 'title': '自动化测试1', 'privacy': False, 'rubbish': True, 'click': 0, 'url': '/zrlog/post/105', 'alias': '105'}, {'userName': 'root', 'typeName': '记录', 'id': 104, 'keywords': None, 'releaseTime': '2022-05-08', 'lastUpdateDate': '2022-05-08', 'title': '自动化测试1', 'privacy': False, 'rubbish': True, 'click': 0, 'url': '/zrlog/post/104', 'alias': '104'}, {'userName': 'root', 'typeName': '记录', 'id': 103, 'keywords': None, 'releaseTime': '2022-05-08', 'lastUpdateDate': '2022-05-08', 'title': '自动化测试1', 'privacy': False, 'rubbish': True, 'click': 0, 'url': '/zrlog/post/103', 'alias': '103'}, {'userName': 'root', 'typeName': '记录', 'id': 102, 'keywords': None, 'releaseTime': '2022-05-08', 'lastUpdateDate': '2022-05-08', 'title': '自动化测试1', 'privacy': False, 'rubbish': True, 'click': 0, 'url': '/zrlog/post/102', 'alias': '102'}, {'userName': 'root', 'typeName': '记录', 'id': 101, 'keywords': None, 'releaseTime': '2022-05-08', 'lastUpdateDate': '2022-05-08', 'title': '自动化测试1', 'privacy': False, 'rubbish': True, 'click': 0, 'url': '/zrlog/post/101', 'alias': '101'}, {'userName': 'root', 'typeName': '记录', 'id': 100, 'keywords': None, 'releaseTime': '2022-05-08', 'lastUpdateDate': '2022-05-08', 'title': '自动化测试1', 'privacy': False, 'rubbish': True, 'click': 0, 'url': '/zrlog/post/100', 'alias': '100'}, {'userName': 'root', 'typeName': '记录', 'id': 99, 'keywords': None, 'releaseTime': '2022-05-08', 'lastUpdateDate': '2022-05-08', 'title': '自动化测试1', 'privacy': False, 'rubbish': True, 'click': 0, 'url': '/zrlog/post/99', 'alias': '99'}, {'userName': 'root', 'typeName': '记录', 'id': 98, 'keywords': None, 'releaseTime': '2022-05-08', 'lastUpdateDate': '2022-05-08', 'title': '自动化测试1', 'privacy': False, 'rubbish': True, 'click': 0, 'url': '/zrlog/post/98', 'alias': '98'}, {'userName': 'root', 'typeName': '记录', 'id': 97, 'keywords': None, 'releaseTime': '2022-05-08', 'lastUpdateDate': '2022-05-08', 'title': '自动化测试1', 'privacy': False, 'rubbish': True, 'click': 0, 'url': '/zrlog/post/97', 'alias': '97'}, {'userName': 'root', 'typeName': '记录', 'id': 96, 'keywords': None, 'releaseTime': '2022-05-08', 'lastUpdateDate': '2022-05-08', 'title': '自动化测试1', 'privacy': False, 'rubbish': True, 'click': 0, 'url': '/zrlog/post/96', 'alias': '96'}, {'userName': 'root', 'typeName': '记录', 'id': 95, 'keywords': None, 'releaseTime': '2022-05-08', 'lastUpdateDate': '2022-05-08', 'title': '自动化测试1', 'privacy': False, 'rubbish': True, 'click': 0, 'url': '/zrlog/post/95', 'alias': '95'}, {'userName': 'root', 'typeName': '记录', 'id': 94, 'keywords': None, 'releaseTime': '2022-05-08', 'lastUpdateDate': '2022-05-08', 'title': '自动化测试1', 'privacy': False, 'rubbish': True, 'click': 0, 'url': '/zrlog/post/94', 'alias': '94'}, {'userName': 'root', 'typeName': '记录', 'id': 93, 'keywords': None, 'releaseTime': '2022-05-08', 'lastUpdateDate': '2022-05-08', 'title': '自动化测试1', 'privacy': False, 'rubbish': True, 'click': 0, 'url': '/zrlog/post/93', 'alias': '93'}, {'userName': 'root', 'typeName': '记录', 'id': 92, 'keywords': None, 'releaseTime': '2022-05-08', 'lastUpdateDate': '2022-05-08', 'title': '自动化测试1', 'privacy': False, 'rubbish': True, 'click': 0, 'url': '/zrlog/post/92', 'alias': '92'}, {'userName': 'root', 'typeName': '记录', 'id': 91, 'keywords': None, 'releaseTime': '2022-05-08', 'lastUpdateDate': '2022-05-08', 'title': '自动化测试1', 'privacy': False, 'rubbish': True, 'click': 0, 'url': '/zrlog/post/91', 'alias': '91'}, {'userName': 'root', 'typeName': '记录', 'id': 90, 'keywords': None, 'releaseTime': '2022-05-08', 'lastUpdateDate': '2022-05-08', 'title': '自动化测试1', 'privacy': False, 'rubbish': True, 'click': 0, 'url': '/zrlog/post/90', 'alias': '90'}, {'userName': 'root', 'typeName': '记录', 'id': 89, 'keywords': None, 'releaseTime': '2022-05-08', 'lastUpdateDate': '2022-05-08', 'title': '自动化测试1', 'privacy': False, 'rubbish': True, 'click': 0, 'url': '/zrlog/post/89', 'alias': '89'}, {'userName': 'root', 'typeName': '记录', 'id': 88, 'keywords': None, 'releaseTime': '2022-05-08', 'lastUpdateDate': '2022-05-08', 'title': '自动化测试1', 'privacy': False, 'rubbish': True, 'click': 0, 'url': '/zrlog/post/88', 'alias': '88'}, {'userName': 'root', 'typeName': '记录', 'id': 87, 'keywords': None, 'releaseTime': '2022-05-08', 'lastUpdateDate': '2022-05-08', 'title': '自动化测试1', 'privacy': False, 'rubbish': True, 'click': 0, 'url': '/zrlog/post/87', 'alias': '87'}, {'userName': 'root', 'typeName': '记录', 'id': 86, 'keywords': None, 'releaseTime': '2022-05-08', 'lastUpdateDate': '2022-05-08', 'title': '自动化测试1', 'privacy': False, 'rubbish': True, 'click': 0, 'url': '/zrlog/post/86', 'alias': '86'}, {'userName': 'root', 'typeName': '记录', 'id': 85, 'keywords': None, 'releaseTime': '2022-05-08', 'lastUpdateDate': '2022-05-08', 'title': '自动化测试1', 'privacy': False, 'rubbish': True, 'click': 0, 'url': '/zrlog/post/85', 'alias': '85'}, {'userName': 'root', 'typeName': '记录', 'id': 84, 'keywords': None, 'releaseTime': '2022-05-08', 'lastUpdateDate': '2022-05-08', 'title': '自动化测试1', 'privacy': False, 'rubbish': True, 'click': 0, 'url': '/zrlog/post/84', 'alias': '84'}, {'userName': 'root', 'typeName': '记录', 'id': 83, 'keywords': None, 'releaseTime': '2022-05-08', 'lastUpdateDate': '2022-05-08', 'title': '自动化测试1', 'privacy': False, 'rubbish': True, 'click': 0, 'url': '/zrlog/post/83', 'alias': '83'}, {'userName': 'root', 'typeName': '记录', 'id': 82, 'keywords': None, 'releaseTime': '2022-05-08', 'lastUpdateDate': '2022-05-08', 'title': '自动化测试1', 'privacy': False, 'rubbish': True, 'click': 0, 'url': '/zrlog/post/82', 'alias': '82'}, {'userName': 'root', 'typeName': '记录', 'id': 81, 'keywords': None, 'releaseTime': '2022-05-08', 'lastUpdateDate': '2022-05-08', 'title': '自动化测试1', 'privacy': False, 'rubbish': True, 'click': 0, 'url': '/zrlog/post/81', 'alias': '81'}, {'userName': 'root', 'typeName': '记录', 'id': 80, 'keywords': None, 'releaseTime': '2022-05-08', 'lastUpdateDate': '2022-05-08', 'title': '自动化测试1', 'privacy': False, 'rubbish': True, 'click': 0, 'url': '/zrlog/post/80', 'alias': '80'}, {'userName': 'root', 'typeName': '记录', 'id': 79, 'keywords': None, 'releaseTime': '2022-05-08', 'lastUpdateDate': '2022-05-08', 'title': '自动化测试1', 'privacy': False, 'rubbish': True, 'click': 0, 'url': '/zrlog/post/79', 'alias': '79'}, {'userName': 'root', 'typeName': '记录', 'id': 78, 'keywords': None, 'releaseTime': '2022-05-08', 'lastUpdateDate': '2022-05-08', 'title': '自动化测试1', 'privacy': False, 'rubbish': True, 'click': 0, 'url': '/zrlog/post/78', 'alias': '78'}, {'userName': 'root', 'typeName': '记录', 'id': 77, 'keywords': None, 'releaseTime': '2022-05-08', 'lastUpdateDate': '2022-05-08', 'title': '自动化测试1', 'privacy': False, 'rubbish': True, 'click': 0, 'url': '/zrlog/post/77', 'alias': '77'}, {'userName': 'root', 'typeName': '记录', 'id': 76, 'keywords': None, 'releaseTime': '2022-05-08', 'lastUpdateDate': '2022-05-08', 'title': '自动化测试1', 'privacy': False, 'rubbish': True, 'click': 0, 'url': '/zrlog/post/76', 'alias': '76'}, {'userName': 'root', 'typeName': '记录', 'id': 75, 'keywords': None, 'releaseTime': '2022-05-08', 'lastUpdateDate': '2022-05-08', 'title': '测试1', 'privacy': False, 'rubbish': False, 'click': 0, 'url': '/zrlog/post/75', 'alias': '75'}, {'userName': 'root', 'typeName': '记录', 'id': 74, 'keywords': None, 'releaseTime': '2022-05-08', 'lastUpdateDate': '2022-05-08', 'title': '自动化测试1', 'privacy': False, 'rubbish': True, 'click': 0, 'url': '/zrlog/post/74', 'alias': '74'}, {'userName': 'root', 'typeName': '记录', 'id': 73, 'keywords': None, 'releaseTime': '2022-05-08', 'lastUpdateDate': '2022-05-08', 'title': '自动化测试1', 'privacy': False, 'rubbish': True, 'click': 0, 'url': '/zrlog/post/73', 'alias': '73'}, {'userName': 'root', 'typeName': '记录', 'id': 72, 'keywords': None, 'releaseTime': '2022-05-08', 'lastUpdateDate': '2022-05-08', 'title': '自动化测试1', 'privacy': False, 'rubbish': True, 'click': 0, 'url': '/zrlog/post/72', 'alias': '72'}, {'userName': 'root', 'typeName': '记录', 'id': 71, 'keywords': None, 'releaseTime': '2022-05-08', 'lastUpdateDate': '2022-05-08', 'title': '自动化测试1', 'privacy': False, 'rubbish': True, 'click': 0, 'url': '/zrlog/post/71', 'alias': '71'}, {'userName': 'root', 'typeName': '记录', 'id': 70, 'keywords': None, 'releaseTime': '2022-05-08', 'lastUpdateDate': '2022-05-08', 'title': '自动化测试1', 'privacy': False, 'rubbish': True, 'click': 0, 'url': '/zrlog/post/70', 'alias': '70'}, {'userName': 'root', 'typeName': '记录', 'id': 69, 'keywords': None, 'releaseTime': '2022-05-08', 'lastUpdateDate': '2022-05-08', 'title': '自动化测试1', 'privacy': False, 'rubbish': True, 'click': 0, 'url': '/zrlog/post/69', 'alias': '69'}, {'userName': 'root', 'typeName': '记录', 'id': 68, 'keywords': None, 'releaseTime': '2022-05-08', 'lastUpdateDate': '2022-05-08', 'title': '自动化测试1', 'privacy': False, 'rubbish': True, 'click': 0, 'url': '/zrlog/post/68', 'alias': '68'}, {'userName': 'root', 'typeName': '记录', 'id': 67, 'keywords': None, 'releaseTime': '2022-05-08', 'lastUpdateDate': '2022-05-08', 'title': '自动化测试1', 'privacy': False, 'rubbish': True, 'click': 0, 'url': '/zrlog/post/67', 'alias': '67'}, {'userName': 'root', 'typeName': '记录', 'id': 66, 'keywords': None, 'releaseTime': '2022-05-08', 'lastUpdateDate': '2022-05-08', 'title': '自动化测试1', 'privacy': False, 'rubbish': True, 'click': 0, 'url': '/zrlog/post/66', 'alias': '66'}, {'userName': 'root', 'typeName': '记录', 'id': 65, 'keywords': None, 'releaseTime': '2022-05-08', 'lastUpdateDate': '2022-05-08', 'title': '自动化测试1', 'privacy': False, 'rubbish': True, 'click': 0, 'url': '/zrlog/post/65', 'alias': '65'}, {'userName': 'root', 'typeName': '记录', 'id': 64, 'keywords': None, 'releaseTime': '2022-05-08', 'lastUpdateDate': '2022-05-08', 'title': '自动化测试1', 'privacy': False, 'rubbish': True, 'click': 0, 'url': '/zrlog/post/64', 'alias': '64'}, {'userName': 'root', 'typeName': '记录', 'id': 63, 'keywords': None, 'releaseTime': '2022-05-08', 'lastUpdateDate': '2022-05-08', 'title': '自动化测试1', 'privacy': False, 'rubbish': True, 'click': 0, 'url': '/zrlog/post/63', 'alias': '63'}, {'userName': 'root', 'typeName': '记录', 'id': 62, 'keywords': None, 'releaseTime': '2022-05-08', 'lastUpdateDate': '2022-05-08', 'title': '自动化测试1', 'privacy': False, 'rubbish': True, 'click': 0, 'url': '/zrlog/post/62', 'alias': '62'}, {'userName': 'root', 'typeName': '记录', 'id': 61, 'keywords': None, 'releaseTime': '2022-05-08', 'lastUpdateDate': '2022-05-08', 'title': '自动化测试1', 'privacy': False, 'rubbish': True, 'click': 0, 'url': '/zrlog/post/61', 'alias': '61'}, {'userName': 'root', 'typeName': '记录', 'id': 60, 'keywords': None, 'releaseTime': '2022-05-08', 'lastUpdateDate': '2022-05-08', 'title': '自动化测试1', 'privacy': False, 'rubbish': True, 'click': 0, 'url': '/zrlog/post/60', 'alias': '60'}, {'userName': 'root', 'typeName': '记录', 'id': 59, 'keywords': None, 'releaseTime': '2022-05-08', 'lastUpdateDate': '2022-05-08', 'title': '自动化测试1', 'privacy': False, 'rubbish': True, 'click': 0, 'url': '/zrlog/post/59', 'alias': '59'}, {'userName': 'root', 'typeName': '记录', 'id': 58, 'keywords': None, 'releaseTime': '2022-05-08', 'lastUpdateDate': '2022-05-08', 'title': '自动化测试1', 'privacy': False, 'rubbish': True, 'click': 0, 'url': '/zrlog/post/58', 'alias': '58'}, {'userName': 'root', 'typeName': '记录', 'id': 57, 'keywords': None, 'releaseTime': '2022-05-08', 'lastUpdateDate': '2022-05-08', 'title': '自动化测试1', 'privacy': False, 'rubbish': True, 'click': 0, 'url': '/zrlog/post/57', 'alias': '57'}, {'userName': 'root', 'typeName': '记录', 'id': 56, 'keywords': None, 'releaseTime': '2022-05-08', 'lastUpdateDate': '2022-05-08', 'title': '自动化测试1', 'privacy': False, 'rubbish': True, 'click': 0, 'url': '/zrlog/post/56', 'alias': '56'}, {'userName': 'root', 'typeName': '记录', 'id': 55, 'keywords': None, 'releaseTime': '2022-05-08', 'lastUpdateDate': '2022-05-08', 'title': '自动化测试1', 'privacy': False, 'rubbish': True, 'click': 0, 'url': '/zrlog/post/55', 'alias': '55'}, {'userName': 'root', 'typeName': '记录', 'id': 54, 'keywords': None, 'releaseTime': '2022-05-08', 'lastUpdateDate': '2022-05-08', 'title': '自动化测试1', 'privacy': False, 'rubbish': True, 'click': 0, 'url': '/zrlog/post/54', 'alias': '54'}, {'userName': 'root', 'typeName': '记录', 'id': 53, 'keywords': None, 'releaseTime': '2022-05-08', 'lastUpdateDate': '2022-05-08', 'title': '自动化测试1', 'privacy': False, 'rubbish': True, 'click': 0, 'url': '/zrlog/post/53', 'alias': '53'}, {'userName': 'root', 'typeName': '记录', 'id': 52, 'keywords': None, 'releaseTime': '2022-05-08', 'lastUpdateDate': '2022-05-08', 'title': '测试112233', 'privacy': False, 'rubbish': True, 'click': 0, 'url': '/zrlog/post/52', 'alias': '52'}, {'userName': 'root', 'typeName': '记录', 'id': 51, 'keywords': None, 'releaseTime': '2022-05-08', 'lastUpdateDate': '2022-05-08', 'title': '自动化测试1', 'privacy': False, 'rubbish': True, 'click': 0, 'url': '/zrlog/post/51', 'alias': '51'}, {'userName': 'root', 'typeName': '记录', 'id': 50, 'keywords': None, 'releaseTime': '2022-05-08', 'lastUpdateDate': '2022-05-08', 'title': '自动化测试1', 'privacy': False, 'rubbish': True, 'click': 0, 'url': '/zrlog/post/50', 'alias': '50'}, {'userName': 'root', 'typeName': '记录', 'id': 49, 'keywords': None, 'releaseTime': '2022-05-08', 'lastUpdateDate': '2022-05-08', 'title': '自动化测试1', 'privacy': False, 'rubbish': True, 'click': 0, 'url': '/zrlog/post/49', 'alias': '49'}, {'userName': 'root', 'typeName': '记录', 'id': 48, 'keywords': None, 'releaseTime': '2022-05-08', 'lastUpdateDate': '2022-05-08', 'title': '自动化测试1', 'privacy': False, 'rubbish': True, 'click': 0, 'url': '/zrlog/post/48', 'alias': '48'}, {'userName': 'root', 'typeName': '记录', 'id': 47, 'keywords': None, 'releaseTime': '2022-05-08', 'lastUpdateDate': '2022-05-08', 'title': '自动化测试1', 'privacy': False, 'rubbish': True, 'click': 0, 'url': '/zrlog/post/47', 'alias': '47'}, {'userName': 'root', 'typeName': '记录', 'id': 46, 'keywords': None, 'releaseTime': '2022-05-08', 'lastUpdateDate': '2022-05-08', 'title': '自动化测试1', 'privacy': False, 'rubbish': True, 'click': 0, 'url': '/zrlog/post/46', 'alias': '46'}, {'userName': 'root', 'typeName': '记录', 'id': 45, 'keywords': None, 'releaseTime': '2022-05-08', 'lastUpdateDate': '2022-05-08', 'title': '自动化测试1', 'privacy': False, 'rubbish': True, 'click': 0, 'url': '/zrlog/post/45', 'alias': '45'}, {'userName': 'root', 'typeName': '记录', 'id': 44, 'keywords': None, 'releaseTime': '2022-05-08', 'lastUpdateDate': '2022-05-08', 'title': '自动化测试1', 'privacy': False, 'rubbish': True, 'click': 0, 'url': '/zrlog/post/44', 'alias': '44'}, {'userName': 'root', 'typeName': '记录', 'id': 43, 'keywords': None, 'releaseTime': '2022-05-08', 'lastUpdateDate': '2022-05-08', 'title': '自动化测试1', 'privacy': False, 'rubbish': True, 'click': 0, 'url': '/zrlog/post/43', 'alias': '43'}, {'userName': 'root', 'typeName': '记录', 'id': 42, 'keywords': None, 'releaseTime': '2022-05-08', 'lastUpdateDate': '2022-05-08', 'title': '自动化测试1', 'privacy': False, 'rubbish': True, 'click': 0, 'url': '/zrlog/post/42', 'alias': '42'}, {'userName': 'root', 'typeName': '记录', 'id': 41, 'keywords': None, 'releaseTime': '2022-05-08', 'lastUpdateDate': '2022-05-08', 'title': '自动化测试1', 'privacy': False, 'rubbish': True, 'click': 0, 'url': '/zrlog/post/41', 'alias': '41'}, {'userName': 'root', 'typeName': '记录', 'id': 40, 'keywords': None, 'releaseTime': '2022-05-08', 'lastUpdateDate': '2022-05-08', 'title': '自动化测试1', 'privacy': False, 'rubbish': True, 'click': 0, 'url': '/zrlog/post/40', 'alias': '40'}, {'userName': 'root', 'typeName': '记录', 'id': 39, 'keywords': None, 'releaseTime': '2022-05-08', 'lastUpdateDate': '2022-05-08', 'title': '自动化测试1', 'privacy': False, 'rubbish': True, 'click': 0, 'url': '/zrlog/post/39', 'alias': '39'}, {'userName': 'root', 'typeName': '记录', 'id': 38, 'keywords': None, 'releaseTime': '2022-05-08', 'lastUpdateDate': '2022-05-08', 'title': '自动化测试1', 'privacy': False, 'rubbish': True, 'click': 0, 'url': '/zrlog/post/38', 'alias': '38'}, {'userName': 'root', 'typeName': '记录', 'id': 37, 'keywords': None, 'releaseTime': '2022-05-08', 'lastUpdateDate': '2022-05-08', 'title': '自动化测试1', 'privacy': False, 'rubbish': True, 'click': 0, 'url': '/zrlog/post/37', 'alias': '37'}, {'userName': 'root', 'typeName': '记录', 'id': 36, 'keywords': None, 'releaseTime': '2022-05-08', 'lastUpdateDate': '2022-05-08', 'title': '自动化测试1', 'privacy': False, 'rubbish': True, 'click': 0, 'url': '/zrlog/post/36', 'alias': '36'}, {'userName': 'root', 'typeName': '记录', 'id': 35, 'keywords': None, 'releaseTime': '2022-05-08', 'lastUpdateDate': '2022-05-08', 'title': '自动化测试1', 'privacy': False, 'rubbish': True, 'click': 0, 'url': '/zrlog/post/35', 'alias': '35'}, {'userName': 'root', 'typeName': '记录', 'id': 34, 'keywords': None, 'releaseTime': '2022-05-08', 'lastUpdateDate': '2022-05-08', 'title': '自动化测试1', 'privacy': False, 'rubbish': True, 'click': 0, 'url': '/zrlog/post/34', 'alias': '34'}, {'userName': 'root', 'typeName': '记录', 'id': 33, 'keywords': None, 'releaseTime': '2022-05-08', 'lastUpdateDate': '2022-05-08', 'title': '自动化测试1', 'privacy': False, 'rubbish': True, 'click': 0, 'url': '/zrlog/post/33', 'alias': '33'}, {'userName': 'root', 'typeName': '记录', 'id': 32, 'keywords': None, 'releaseTime': '2022-05-08', 'lastUpdateDate': '2022-05-08', 'title': '自动化测试1', 'privacy': False, 'rubbish': True, 'click': 0, 'url': '/zrlog/post/32', 'alias': '32'}, {'userName': 'root', 'typeName': '记录', 'id': 31, 'keywords': None, 'releaseTime': '2022-05-08', 'lastUpdateDate': '2022-05-08', 'title': '自动化测试1', 'privacy': False, 'rubbish': True, 'click': 0, 'url': '/zrlog/post/31', 'alias': '31'}, {'userName': 'root', 'typeName': '记录', 'id': 30, 'keywords': None, 'releaseTime': '2022-05-08', 'lastUpdateDate': '2022-05-08', 'title': '测试', 'privacy': False, 'rubbish': True, 'click': 0, 'url': '/zrlog/post/30', 'alias': '30'}, {'userName': 'root', 'typeName': '记录', 'id': 29, 'keywords': None, 'releaseTime': '2022-05-08', 'lastUpdateDate': '2022-05-08', 'title': '自动化测试1', 'privacy': False, 'rubbish': True, 'click': 0, 'url': '/zrlog/post/29', 'alias': '29'}, {'userName': 'root', 'typeName': '记录', 'id': 28, 'keywords': None, 'releaseTime': '2022-05-08', 'lastUpdateDate': '2022-05-08', 'title': '测试', 'privacy': False, 'rubbish': True, 'click': 0, 'url': '/zrlog/post/28', 'alias': '28'}, {'userName': 'root', 'typeName': '记录', 'id': 27, 'keywords': None, 'releaseTime': '2022-05-08', 'lastUpdateDate': '2022-05-08', 'title': '测试', 'privacy': False, 'rubbish': True, 'click': 0, 'url': '/zrlog/post/27', 'alias': '27'}, {'userName': 'root', 'typeName': '记录', 'id': 26, 'keywords': None, 'releaseTime': '2022-05-08', 'lastUpdateDate': '2022-05-08', 'title': '测试', 'privacy': False, 'rubbish': True, 'click': 0, 'url': '/zrlog/post/26', 'alias': '26'}, {'userName': 'root', 'typeName': '记录', 'id': 25, 'keywords': None, 'releaseTime': '2022-05-08', 'lastUpdateDate': '2022-05-08', 'title': '测试', 'privacy': False, 'rubbish': True, 'click': 0, 'url': '/zrlog/post/25', 'alias': '25'}, {'userName': 'root', 'typeName': '记录', 'id': 24, 'keywords': None, 'releaseTime': '2022-05-08', 'lastUpdateDate': '2022-05-08', 'title': '测试', 'privacy': False, 'rubbish': True, 'click': 0, 'url': '/zrlog/post/24', 'alias': '24'}, {'userName': 'root', 'typeName': '记录', 'id': 23, 'keywords': None, 'releaseTime': '2022-05-08', 'lastUpdateDate': '2022-05-08', 'title': '测试', 'privacy': False, 'rubbish': True, 'click': 0, 'url': '/zrlog/post/23', 'alias': '23'}, {'userName': 'root', 'typeName': '记录', 'id': 22, 'keywords': None, 'releaseTime': '2022-05-08', 'lastUpdateDate': '2022-05-08', 'title': '测试', 'privacy': False, 'rubbish': True, 'click': 0, 'url': '/zrlog/post/22', 'alias': '22'}, {'userName': 'root', 'typeName': '记录', 'id': 21, 'keywords': None, 'releaseTime': '2022-05-08', 'lastUpdateDate': '2022-05-08', 'title': '测试', 'privacy': False, 'rubbish': True, 'click': 0, 'url': '/zrlog/post/21', 'alias': '21'}, {'userName': 'root', 'typeName': '记录', 'id': 20, 'keywords': None, 'releaseTime': '2022-05-07', 'lastUpdateDate': '2022-05-08', 'title': '自动化测试1', 'privacy': False, 'rubbish': True, 'click': 0, 'url': '/zrlog/post/20', 'alias': '20'}, {'userName': 'root', 'typeName': '记录', 'id': 19, 'keywords': None, 'releaseTime': '2022-05-06', 'lastUpdateDate': '2022-05-06', 'title': '测试', 'privacy': False, 'rubbish': True, 'click': 0, 'url': '/zrlog/post/19', 'alias': '19'}, {'userName': 'root', 'typeName': '记录', 'id': 18, 'keywords': None, 'releaseTime': '2022-05-06', 'lastUpdateDate': '2022-05-07', 'title': '测试', 'privacy': False, 'rubbish': False, 'click': 0, 'url': '/zrlog/post/18', 'alias': '18'}, {'userName': 'root', 'typeName': '记录', 'id': 17, 'keywords': None, 'releaseTime': '2022-05-06', 'lastUpdateDate': '2022-05-06', 'title': '测试标题4', 'privacy': False, 'rubbish': False, 'click': 0, 'url': '/zrlog/post/17', 'alias': '17'}, {'userName': 'root', 'typeName': '记录', 'id': 16, 'keywords': None, 'releaseTime': '2022-05-06', 'lastUpdateDate': '2022-05-06', 'title': '测试标题4', 'privacy': False, 'rubbish': False, 'click': 0, 'url': '/zrlog/post/16', 'alias': '16'}, {'userName': 'root', 'typeName': '记录', 'id': 15, 'keywords': None, 'releaseTime': '2022-05-06', 'lastUpdateDate': '2022-05-06', 'title': '测试标题5', 'privacy': False, 'rubbish': True, 'click': 0, 'url': '/zrlog/post/15', 'alias': '15'}, {'userName': 'root', 'typeName': '记录', 'id': 14, 'keywords': None, 'releaseTime': '2022-05-06', 'lastUpdateDate': '2022-05-06', 'title': '测试标题2', 'privacy': False, 'rubbish': False, 'click': 0, 'url': '/zrlog/post/14', 'alias': '14'}, {'userName': 'root', 'typeName': '记录', 'id': 13, 'keywords': None, 'releaseTime': '2022-05-06', 'lastUpdateDate': '2022-05-06', 'title': '测试标题3', 'privacy': False, 'rubbish': False, 'click': 0, 'url': '/zrlog/post/13', 'alias': '13'}, {'userName': 'root', 'typeName': '记录', 'id': 12, 'keywords': '记录', 'releaseTime': '2022-05-01', 'lastUpdateDate': '2022-05-01', 'title': '世界，你好1！', 'privacy': False, 'rubbish': False, 'click': 2, 'url': '/zrlog/post/hello-world1', 'alias': 'hello-world1'}, {'userName': 'root', 'typeName': '记录', 'id': 11, 'keywords': '记录', 'releaseTime': '2022-05-01', 'lastUpdateDate': '2022-05-01', 'title': '你好，世界10！', 'privacy': False, 'rubbish': False, 'click': 2, 'url': '/zrlog/post/hello-world10', 'alias': 'hello-world10'}, {'userName': 'root', 'typeName': '记录', 'id': 10, 'keywords': '记录', 'releaseTime': '2022-05-01', 'lastUpdateDate': '2022-05-01', 'title': '你好，世界9！', 'privacy': False, 'rubbish': False, 'click': 2, 'url': '/zrlog/post/hello-world9', 'alias': 'hello-world9'}, {'userName': 'root', 'typeName': '记录', 'id': 9, 'keywords': '记录', 'releaseTime': '2022-05-01', 'lastUpdateDate': '2022-05-01', 'title': '你好，世界8！', 'privacy': False, 'rubbish': False, 'click': 2, 'url': '/zrlog/post/hello-world8', 'alias': 'hello-world8'}, {'userName': 'root', 'typeName': '记录', 'id': 8, 'keywords': '记录', 'releaseTime': '2022-05-01', 'lastUpdateDate': '2022-05-01', 'title': '你好，世界7！', 'privacy': False, 'rubbish': False, 'click': 2, 'url': '/zrlog/post/hello-world7', 'alias': 'hello-world7'}, {'userName': 'root', 'typeName': '记录', 'id': 7, 'keywords': '记录', 'releaseTime': '2022-05-01', 'lastUpdateDate': '2022-05-01', 'title': '你好，世界6！', 'privacy': False, 'rubbish': False, 'click': 2, 'url': '/zrlog/post/hello-world6', 'alias': 'hello-world6'}, {'userName': 'root', 'typeName': '记录', 'id': 6, 'keywords': '记录', 'releaseTime': '2022-05-01', 'lastUpdateDate': '2022-05-01', 'title': '你好，世界5！', 'privacy': False, 'rubbish': False, 'click': 2, 'url': '/zrlog/post/hello-world5', 'alias': 'hello-world5'}, {'userName': 'root', 'typeName': '记录', 'id': 5, 'keywords': '记录', 'releaseTime': '2022-05-01', 'lastUpdateDate': '2022-05-01', 'title': '你好，世界4！', 'privacy': False, 'rubbish': False, 'click': 2, 'url': '/zrlog/post/hello-world4', 'alias': 'hello-world4'}, {'userName': 'root', 'typeName': '记录', 'id': 4, 'keywords': '记录', 'releaseTime': '2022-05-01', 'lastUpdateDate': '2022-05-01', 'title': '你好，世界3！', 'privacy': False, 'rubbish': False, 'click': 2, 'url': '/zrlog/post/hello-world3', 'alias': 'hello-world3'}, {'userName': 'root', 'typeName': '记录', 'id': 3, 'keywords': '记录', 'releaseTime': '2022-05-01', 'lastUpdateDate': '2022-05-01', 'title': '你好，世界2！', 'privacy': False, 'rubbish': False, 'click': 2, 'url': '/zrlog/post/hello-world2', 'alias': 'hello-world2'}]}, 'message': None, 'error': 0}, 'admin_token': ['1#4157736A624250425263344E366566626E63763957636749786E2F63635550442F4E69624E4E3048614B4E79364355697664782B4C417570656846746169494E6B744775664354483632757A42446D624E6975437336576A59677046314D41526C78453965724D3761796F3D']}
2022-05-08 23:02:34,312 - 自动化测试 - INFO - 测试用例断言成功
2022-05-08 23:02:34,347 - 自动化测试 - INFO - 执行用例完成，结束时间为2022-05-08 23:02:33
