2022-05-01 12:07:26,131 - 测试日志输出: - DEBUG - -----调试信息[debug]-----
2022-05-01 12:07:26,131 - 测试日志输出: - INFO - -----调试信息[info]-----
2022-05-01 12:07:26,131 - 测试日志输出: - WARNING - -----调试信息[warning]-----
2022-05-01 12:07:26,131 - 测试日志输出: - ERROR - -----调试信息[error]-----
2022-05-01 12:07:26,131 - 测试日志输出: - CRITICAL - -----调试信息[critical]-----
2022-05-01 12:07:27,072 - 测试日志输出: - DEBUG - -----调试信息[debug]-----
2022-05-01 12:07:27,072 - 测试日志输出: - INFO - -----调试信息[info]-----
2022-05-01 12:07:27,072 - 测试日志输出: - WARNING - -----调试信息[warning]-----
2022-05-01 12:07:27,072 - 测试日志输出: - ERROR - -----调试信息[error]-----
2022-05-01 12:07:27,072 - 测试日志输出: - CRITICAL - -----调试信息[critical]-----
2022-05-01 12:07:28,138 - 测试日志输出: - DEBUG - -----调试信息[debug]-----
2022-05-01 12:07:28,138 - 测试日志输出: - INFO - -----调试信息[info]-----
2022-05-01 12:07:28,138 - 测试日志输出: - WARNING - -----调试信息[warning]-----
2022-05-01 12:07:28,138 - 测试日志输出: - ERROR - -----调试信息[error]-----
2022-05-01 12:07:28,138 - 测试日志输出: - CRITICAL - -----调试信息[critical]-----
2022-05-01 12:07:29,388 - 测试日志输出: - DEBUG - -----调试信息[debug]-----
2022-05-01 12:07:29,388 - 测试日志输出: - INFO - -----调试信息[info]-----
2022-05-01 12:07:29,388 - 测试日志输出: - WARNING - -----调试信息[warning]-----
2022-05-01 12:07:29,388 - 测试日志输出: - ERROR - -----调试信息[error]-----
2022-05-01 12:07:29,388 - 测试日志输出: - CRITICAL - -----调试信息[critical]-----
2022-05-08 23:59:56,291 - 测试日志输出: - DEBUG - -----调试信息[debug]-----
2022-05-08 23:59:56,291 - 测试日志输出: - INFO - -----调试信息[info]-----
2022-05-08 23:59:56,291 - 测试日志输出: - WARNING - -----调试信息[warning]-----
2022-05-08 23:59:56,291 - 测试日志输出: - ERROR - -----调试信息[error]-----
2022-05-08 23:59:56,291 - 测试日志输出: - CRITICAL - -----调试信息[critical]-----
